<?xml version="1.0" encoding="UTF-8"?>
<!-- Generated by org.testng.reporters.JUnitReportReporter -->
<testsuite hostname="a-PC" name="TestA" tests="2" failures="0" timestamp="17 Apr 2016 11:42:35 GMT" time="0.007" errors="0">
  <testcase name="testA" time="0.000" classname="TestA"/>
  <testcase name="testA" time="0.007" classname="TestA"/>
</testsuite> <!-- TestA -->
