<?xml version="1.0" encoding="UTF-8"?>
<!-- Generated by org.testng.reporters.JUnitReportReporter -->
<testsuite hostname="a-PC" name="testcases.CreateLeadTest" tests="1" failures="0" timestamp="15 Oct 2016 05:47:45 GMT" time="6.241" errors="0">
  <testcase name="createLeadTest" time="6.241" classname="testcases.CreateLeadTest"/>
</testsuite> <!-- testcases.CreateLeadTest -->
