<?xml version="1.0" encoding="UTF-8"?>
<!-- Generated by org.testng.reporters.JUnitReportReporter -->
<testsuite hostname="a-PC" name="testcases.LoginTest" tests="3" failures="0" timestamp="15 Oct 2016 03:38:17 GMT" time="12.577" errors="0">
  <testcase name="doLogin" time="5.431" classname="testcases.LoginTest"/>
  <testcase name="doLogin" time="3.362" classname="testcases.LoginTest"/>
  <testcase name="doLogin" time="3.784" classname="testcases.LoginTest"/>
</testsuite> <!-- testcases.LoginTest -->
