<?xml version="1.0" encoding="UTF-8"?>
<!-- Generated by org.testng.reporters.JUnitReportReporter -->
<testsuite hostname="a-PC" name="testcases.TestA" tests="1" failures="0" timestamp="20 May 2016 10:51:00 GMT" time="2.009" errors="0">
  <testcase name="testA" time="2.009" classname="testcases.TestA"/>
</testsuite> <!-- testcases.TestA -->
