<?xml version="1.0" encoding="UTF-8"?>
<!-- Generated by org.testng.reporters.JUnitReportReporter -->
<testsuite hostname="a-PC" name="testcases.TestC" tests="1" failures="0" timestamp="20 May 2016 10:51:00 GMT" time="2.008" errors="0">
  <testcase name="testC" time="2.008" classname="testcases.TestC"/>
</testsuite> <!-- testcases.TestC -->
